Added Component: Designator=J1(USB309030A)
Add component (AddParameter): Name = "Arrow Part Number"; Value = ""; VariantName = "[No Variations]"
Add component (AddParameter): Name = "Arrow Price/Stock"; Value = ""; VariantName = "[No Variations]"
Add component (AddParameter): Name = "Datasheet Link"; Value = "https://gct.co/files/drawings/usb3090.pdf"; VariantName = "[No Variations]"
Add component (AddParameter): Name = "Height"; Value = "2.7mm"; VariantName = "[No Variations]"
Add component (AddParameter): Name = "Manufacturer_Name"; Value = "GLOBAL CONNECTOR TECHNOLOGY"; VariantName = "[No Variations]"
Add component (AddParameter): Name = "Manufacturer_Part_Number"; Value = "USB3090-30-A"; VariantName = "[No Variations]"
Add component (AddParameter): Name = "Mouser Part Number"; Value = ""; VariantName = "[No Variations]"
Add component (AddParameter): Name = "Mouser Price/Stock"; Value = ""; VariantName = "[No Variations]"
Added Pin To Net: NetName=VBUS Pin=J1-1
Added Pin To Net: NetName=D- Pin=J1-2
Added Pin To Net: NetName=D+ Pin=J1-3
Added Pin To Net: NetName=GND Pin=J1-5
Added Pin To Net: NetName=GND Pin=J1-6
Added Pin To Net: NetName=GND Pin=J1-7
Added Pin To Net: NetName=GND Pin=J1-8
Added Pin To Net: NetName=GND Pin=J1-9
Added Member To Class: ClassName=Sheet1 Member=Component D1 SS1P3L-M3_85A
Added Member To Class: ClassName=Sheet1 Member=Component J1 USB3090-30-A
Added Room: Name=Sheet1
