Added Component: Designator=IC5(LM1117DTX33NOPB)
Add component (AddParameter): Name = "Arrow Part Number"; Value = "LM1117DTX-3.3/NOPB"; VariantName = "[No Variations]"
Add component (AddParameter): Name = "Arrow Price/Stock"; Value = "https://www.arrow.com/en/products/lm1117dtx-3.3nopb/texas-instruments"; VariantName = "[No Variations]"
Add component (AddParameter): Name = "Datasheet Link"; Value = "http://www.ti.com/lit/gpn/lm1117"; VariantName = "[No Variations]"
Add component (AddParameter): Name = "Manufacturer_Name"; Value = "Texas Instruments"; VariantName = "[No Variations]"
Add component (AddParameter): Name = "Manufacturer_Part_Number"; Value = "LM1117DTX-3.3/NOPB"; VariantName = "[No Variations]"
Add component (AddParameter): Name = "Mouser Part Number"; Value = "926-LM1117DTX3.3NOPB"; VariantName = "[No Variations]"
Add component (AddParameter): Name = "Mouser Price/Stock"; Value = "https://www.mouser.co.uk/ProductDetail/Texas-Instruments/LM1117DTX-33-NOPB?qs=X1J7HmVL2ZFMDtR97FJi7A%3D%3D"; VariantName = "[No Variations]"
Added Component: Designator=IC6(TO228P991X238-3N)
Add component (AddParameter): Name = "Arrow Part Number"; Value = "LM1117DT-5.0/NOPB"; VariantName = "[No Variations]"
Add component (AddParameter): Name = "Arrow Price/Stock"; Value = "https://www.arrow.com/en/products/lm1117dt-5.0nopb/texas-instruments"; VariantName = "[No Variations]"
Add component (AddParameter): Name = "Datasheet Link"; Value = "http://docs-emea.rs-online.com/webdocs/0780/0900766b807800cc.pdf"; VariantName = "[No Variations]"
Add component (AddParameter): Name = "Height"; Value = "2.38mm"; VariantName = "[No Variations]"
Add component (AddParameter): Name = "Manufacturer_Name"; Value = "Texas Instruments"; VariantName = "[No Variations]"
Add component (AddParameter): Name = "Manufacturer_Part_Number"; Value = "LM1117DT-5.0/NOPB"; VariantName = "[No Variations]"
Add component (AddParameter): Name = "Mouser Part Number"; Value = "926-LM1117DT50NOPB"; VariantName = "[No Variations]"
Add component (AddParameter): Name = "Mouser Price/Stock"; Value = "https://www.mouser.co.uk/ProductDetail/Texas-Instruments/LM1117DT-50-NOPB?qs=X1J7HmVL2ZGITaQRKQ6NVA%3D%3D"; VariantName = "[No Variations]"
Added Pin To Net: NetName=GND Pin=IC5-1
Added Pin To Net: NetName=VIN Pin=IC5-3
Added Pin To Net: NetName=+3V3 Pin=IC5-4
Added Pin To Net: NetName=GND Pin=IC6-1
Added Pin To Net: NetName=VIN Pin=IC6-3
Added Pin To Net: NetName=+5V Pin=IC6-4
Added Member To Class: ClassName=Sheet1 Member=Component D13 HSMR-C190
Added Member To Class: ClassName=Sheet1 Member=Component IC5 LM1117DTX-3.3_NOPB
Added Member To Class: ClassName=Sheet1 Member=Component IC6 LM1117DT-5.0_NOPB
Added Member To Class: ClassName=Sheet1 Member=Component PWR HSMR-C190
Added Member To Class: ClassName=Sheet1 Member=Component RX HSMR-C190
Added Member To Class: ClassName=Sheet1 Member=Component TX HSMR-C190
Added Member To Class: ClassName=Sheet2 Member=Component Y1 7M-16.000MEEQ-T
Added Room: Name=Sheet1
Added Room: Name=Sheet2
